TN:
SF:src/db.ts
FNF:0
FNH:0
DA:1,7
DA:2,7
DA:4,7
DA:6,7
DA:7,0
DA:10,7
DA:12,7
DA:20,7
LF:8
LH:7
BRDA:6,0,0,0
BRDA:6,1,0,7
BRDA:6,1,1,7
BRDA:6,1,2,7
BRDA:6,1,3,7
BRDA:6,1,4,7
BRF:6
BRH:5
end_of_record
TN:
SF:src/server.ts
FNF:0
FNH:0
DA:1,4
DA:2,4
DA:3,4
DA:4,4
DA:6,4
DA:8,4
DA:9,4
DA:10,4
DA:12,4
DA:14,4
LF:10
LH:10
BRF:0
BRH:0
end_of_record
TN:
SF:src/setup.ts
FN:6,(anonymous_8)
FN:6,(anonymous_9)
FN:16,(anonymous_10)
FN:16,(anonymous_11)
FNF:4
FNH:0
FNDA:0,(anonymous_8)
FNDA:0,(anonymous_9)
FNDA:0,(anonymous_10)
FNDA:0,(anonymous_11)
DA:1,0
DA:2,0
DA:3,0
DA:4,0
DA:6,0
DA:7,0
DA:8,0
DA:9,0
DA:10,0
DA:12,0
DA:16,0
DA:17,0
DA:18,0
DA:19,0
DA:21,0
DA:23,0
DA:27,0
LF:17
LH:0
BRF:0
BRH:0
end_of_record
TN:
SF:src/controllers/adminControllers.ts
FN:16,(anonymous_8)
FN:16,(anonymous_9)
FN:44,(anonymous_10)
FN:44,(anonymous_11)
FN:48,(anonymous_12)
FN:48,(anonymous_13)
FN:52,(anonymous_14)
FN:52,(anonymous_15)
FN:58,(anonymous_16)
FN:58,(anonymous_17)
FN:70,(anonymous_18)
FN:70,(anonymous_19)
FN:76,(anonymous_20)
FN:76,(anonymous_21)
FN:82,(anonymous_22)
FN:82,(anonymous_23)
FN:88,(anonymous_24)
FN:88,(anonymous_25)
FNF:18
FNH:18
FNDA:2,(anonymous_8)
FNDA:2,(anonymous_9)
FNDA:1,(anonymous_10)
FNDA:1,(anonymous_11)
FNDA:1,(anonymous_12)
FNDA:1,(anonymous_13)
FNDA:1,(anonymous_14)
FNDA:1,(anonymous_15)
FNDA:1,(anonymous_16)
FNDA:1,(anonymous_17)
FNDA:2,(anonymous_18)
FNDA:2,(anonymous_19)
FNDA:2,(anonymous_20)
FNDA:2,(anonymous_21)
FNDA:2,(anonymous_22)
FNDA:2,(anonymous_23)
FNDA:2,(anonymous_24)
FNDA:2,(anonymous_25)
DA:1,4
DA:2,4
DA:3,4
DA:4,4
DA:5,4
DA:6,4
DA:9,4
DA:10,4
DA:11,4
DA:12,4
DA:13,4
DA:15,4
DA:16,4
DA:18,2
DA:21,1
DA:30,1
DA:33,1
DA:34,7
DA:41,1
DA:44,4
DA:45,1
DA:48,4
DA:49,1
DA:52,4
DA:53,1
DA:55,1
DA:58,4
DA:59,1
DA:61,1
DA:62,1
DA:64,1
DA:67,1
DA:70,4
DA:71,2
DA:73,2
DA:76,4
DA:77,2
DA:79,2
DA:82,4
DA:83,2
DA:85,2
DA:88,4
DA:89,2
DA:91,2
LF:44
LH:44
BRDA:61,0,0,1
BRDA:73,1,0,1
BRDA:73,1,1,1
BRDA:79,2,0,1
BRDA:79,2,1,1
BRF:5
BRH:5
end_of_record
TN:
SF:src/controllers/employeeControllers.ts
FN:9,(anonymous_8)
FN:9,(anonymous_9)
FN:16,(anonymous_10)
FN:16,(anonymous_11)
FN:31,(anonymous_12)
FN:31,(anonymous_13)
FNF:6
FNH:6
FNDA:2,(anonymous_8)
FNDA:2,(anonymous_9)
FNDA:3,(anonymous_10)
FNDA:3,(anonymous_11)
FNDA:1,(anonymous_12)
FNDA:1,(anonymous_13)
DA:1,4
DA:2,4
DA:4,4
DA:6,4
DA:7,4
DA:9,4
DA:10,2
DA:12,2
DA:15,4
DA:16,4
DA:17,3
DA:18,3
DA:20,3
DA:22,2
DA:23,1
DA:26,1
DA:28,1
DA:31,4
DA:32,1
DA:34,1
LF:20
LH:20
BRDA:20,0,0,1
BRDA:22,1,0,1
BRF:2
BRH:2
end_of_record
TN:
SF:src/controllers/loginController.ts
FN:13,(anonymous_8)
FN:13,(anonymous_9)
FNF:2
FNH:2
FNDA:8,(anonymous_8)
FNDA:8,(anonymous_9)
DA:1,4
DA:2,4
DA:3,4
DA:4,4
DA:8,4
DA:10,4
DA:11,4
DA:13,8
DA:14,8
DA:15,8
DA:16,8
DA:18,6
DA:19,1
DA:20,1
DA:23,5
DA:25,5
DA:26,1
DA:27,1
DA:30,4
DA:32,4
DA:33,4
DA:35,2
DA:36,1
DA:39,1
DA:44,4
LF:25
LH:25
BRDA:18,0,0,1
BRDA:25,1,0,1
BRDA:30,2,0,3
BRDA:30,2,1,1
BRDA:35,3,0,1
BRDA:35,3,1,1
BRF:6
BRH:6
end_of_record
TN:
SF:src/handlers/adminHandlers.ts
FN:15,(anonymous_7)
FN:15,(anonymous_8)
FN:35,(anonymous_9)
FN:35,(anonymous_10)
FN:63,(anonymous_11)
FN:63,(anonymous_12)
FN:80,(anonymous_13)
FN:80,(anonymous_14)
FN:96,(anonymous_15)
FN:96,(anonymous_16)
FN:115,(anonymous_17)
FN:115,(anonymous_18)
FN:135,(anonymous_19)
FN:135,(anonymous_20)
FN:163,(anonymous_21)
FN:163,(anonymous_22)
FNF:16
FNH:16
FNDA:4,(anonymous_7)
FNDA:4,(anonymous_8)
FNDA:5,(anonymous_9)
FNDA:5,(anonymous_10)
FNDA:3,(anonymous_11)
FNDA:3,(anonymous_12)
FNDA:3,(anonymous_13)
FNDA:3,(anonymous_14)
FNDA:2,(anonymous_15)
FNDA:2,(anonymous_16)
FNDA:2,(anonymous_17)
FNDA:2,(anonymous_18)
FNDA:5,(anonymous_19)
FNDA:5,(anonymous_20)
FNDA:4,(anonymous_21)
FNDA:4,(anonymous_22)
DA:3,4
DA:15,4
DA:16,4
DA:17,4
DA:19,4
DA:20,1
DA:21,1
DA:23,3
DA:25,1
DA:27,2
DA:28,1
DA:30,1
DA:35,5
DA:36,5
DA:37,5
DA:39,5
DA:40,2
DA:42,2
DA:43,1
DA:44,1
DA:46,1
DA:47,1
DA:51,3
DA:53,1
DA:55,2
DA:56,1
DA:58,1
DA:63,4
DA:64,3
DA:65,3
DA:66,3
DA:68,3
DA:70,1
DA:72,2
DA:73,1
DA:75,1
DA:80,4
DA:81,3
DA:82,3
DA:83,3
DA:85,3
DA:86,1
DA:88,2
DA:89,1
DA:91,1
DA:96,4
DA:97,2
DA:98,2
DA:100,2
DA:101,2
DA:102,2
DA:104,0
DA:107,0
DA:108,0
DA:110,0
DA:115,4
DA:116,2
DA:117,2
DA:118,2
DA:120,2
DA:121,1
DA:122,1
DA:125,1
DA:127,0
DA:128,0
DA:130,0
DA:135,5
DA:136,5
DA:137,5
DA:138,5
DA:139,5
DA:141,5
DA:142,1
DA:143,1
DA:146,4
DA:148,2
DA:149,1
DA:150,1
DA:153,1
DA:155,2
DA:156,1
DA:158,1
DA:163,4
DA:164,4
DA:165,4
DA:166,4
DA:168,2
DA:169,1
DA:170,1
DA:173,1
DA:175,2
DA:176,1
DA:178,1
LF:93
LH:86
BRDA:19,0,0,1
BRDA:19,1,0,4
BRDA:19,1,1,3
BRDA:19,1,2,3
BRDA:19,1,3,3
BRDA:27,2,0,1
BRDA:27,2,1,1
BRDA:39,3,0,2
BRDA:42,4,0,1
BRDA:42,4,1,1
BRDA:55,5,0,1
BRDA:55,5,1,1
BRDA:65,6,0,3
BRDA:65,6,1,3
BRDA:66,7,0,3
BRDA:66,7,1,3
BRDA:72,8,0,1
BRDA:72,8,1,1
BRDA:88,9,0,1
BRDA:88,9,1,1
BRDA:100,10,0,2
BRDA:100,10,1,0
BRDA:100,11,0,2
BRDA:100,11,1,2
BRDA:100,11,2,1
BRDA:107,12,0,0
BRDA:107,12,1,0
BRDA:120,13,0,1
BRDA:127,14,0,0
BRDA:127,14,1,0
BRDA:141,15,0,1
BRDA:148,16,0,1
BRDA:155,17,0,1
BRDA:155,17,1,1
BRDA:168,18,0,1
BRDA:175,19,0,1
BRDA:175,19,1,1
BRF:37
BRH:32
end_of_record
TN:
SF:src/handlers/employeeHandlers.ts
FN:4,(anonymous_7)
FN:4,(anonymous_8)
FN:25,(anonymous_9)
FN:25,(anonymous_10)
FN:51,(anonymous_11)
FN:51,(anonymous_12)
FNF:6
FNH:6
FNDA:5,(anonymous_7)
FNDA:5,(anonymous_8)
FNDA:6,(anonymous_9)
FNDA:6,(anonymous_10)
FNDA:4,(anonymous_11)
FNDA:4,(anonymous_12)
DA:2,4
DA:4,5
DA:5,5
DA:6,5
DA:8,5
DA:9,1
DA:10,1
DA:13,4
DA:15,2
DA:17,2
DA:18,1
DA:20,1
DA:25,6
DA:26,6
DA:27,6
DA:29,6
DA:30,1
DA:31,1
DA:34,5
DA:36,5
DA:37,5
DA:39,5
DA:41,1
DA:43,4
DA:44,3
DA:46,1
DA:51,4
DA:52,4
DA:53,4
DA:55,4
DA:56,1
DA:57,1
DA:60,3
DA:62,1
DA:64,2
DA:65,1
DA:67,1
LF:37
LH:37
BRDA:8,0,0,1
BRDA:17,1,0,1
BRDA:17,1,1,1
BRDA:29,2,0,1
BRDA:36,3,0,3
BRDA:36,3,1,2
BRDA:37,4,0,3
BRDA:37,4,1,2
BRDA:43,5,0,3
BRDA:43,5,1,1
BRDA:55,6,0,1
BRDA:64,7,0,1
BRDA:64,7,1,1
BRF:13
BRH:13
end_of_record
TN:
SF:src/middlewares/authMiddleware.ts
FN:18,(anonymous_1)
FN:19,(anonymous_2)
FNF:2
FNH:2
FNDA:8,(anonymous_1)
FNDA:46,(anonymous_2)
DA:1,4
DA:2,4
DA:6,4
DA:18,4
DA:19,8
DA:20,46
DA:22,46
DA:23,1
DA:24,1
DA:27,45
DA:28,45
DA:30,44
DA:31,0
DA:34,44
DA:36,44
DA:37,1
DA:38,1
DA:41,43
DA:44,1
DA:45,1
DA:47,0
DA:53,4
LF:22
LH:20
BRDA:18,0,0,0
BRDA:22,1,0,1
BRDA:30,2,0,0
BRDA:36,3,0,1
BRDA:36,4,0,44
BRDA:36,4,1,44
BRDA:44,5,0,1
BRDA:44,5,1,0
BRF:8
BRH:5
end_of_record
TN:
SF:src/repositories/EmployeeRepository.ts
FNF:0
FNH:0
DA:11,5
LF:1
LH:1
BRF:0
BRH:0
end_of_record
TN:
SF:src/repositories/EmployeeRepositoryImpl.ts
FN:7,(anonymous_8)
FN:17,(anonymous_10)
FN:25,(anonymous_12)
FN:27,(anonymous_14)
FN:41,(anonymous_15)
FN:61,(anonymous_17)
FNF:6
FNH:4
FNDA:1,(anonymous_8)
FNDA:3,(anonymous_10)
FNDA:0,(anonymous_12)
FNDA:0,(anonymous_14)
FNDA:1,(anonymous_15)
FNDA:1,(anonymous_17)
DA:1,5
DA:3,5
DA:4,5
DA:8,1
DA:14,1
DA:18,3
DA:20,3
DA:22,2
DA:26,0
DA:27,0
DA:30,0
DA:32,0
DA:36,0
DA:38,0
DA:42,1
DA:49,1
DA:56,1
DA:57,1
DA:59,1
DA:62,1
DA:64,1
DA:66,1
DA:71,5
LF:23
LH:17
BRDA:20,0,0,1
BRDA:36,1,0,0
BRDA:64,2,0,0
BRF:3
BRH:1
end_of_record
TN:
SF:src/repositories/LeaveBalanceRepository.ts
FNF:0
FNH:0
DA:12,6
LF:1
LH:1
BRF:0
BRH:0
end_of_record
TN:
SF:src/repositories/LeaveBalanceRepositoryImpl.ts
FN:7,(anonymous_8)
FN:17,(anonymous_10)
FN:29,(anonymous_12)
FN:40,(anonymous_14)
FN:47,(anonymous_16)
FN:60,(anonymous_18)
FNF:6
FNH:5
FNDA:7,(anonymous_8)
FNDA:2,(anonymous_10)
FNDA:3,(anonymous_12)
FNDA:1,(anonymous_14)
FNDA:0,(anonymous_16)
FNDA:2,(anonymous_18)
DA:1,6
DA:3,6
DA:4,6
DA:8,7
DA:14,7
DA:18,2
DA:26,2
DA:30,3
DA:35,3
DA:37,2
DA:41,1
DA:48,0
DA:53,0
DA:54,0
DA:57,0
DA:61,2
DA:68,2
DA:70,2
DA:75,6
LF:19
LH:15
BRDA:35,0,0,1
BRDA:53,1,0,0
BRDA:70,2,0,1
BRDA:70,2,1,1
BRF:4
BRH:3
end_of_record
TN:
SF:src/repositories/LeaveRequestRepository.ts
FNF:0
FNH:0
DA:13,6
LF:1
LH:1
BRF:0
BRH:0
end_of_record
TN:
SF:src/repositories/LeaveRequestRepositoryImpl.ts
FN:7,(anonymous_8)
FN:16,(anonymous_10)
FN:33,(anonymous_12)
FN:43,(anonymous_14)
FN:55,(anonymous_16)
FN:63,(anonymous_18)
FN:72,(anonymous_20)
FNF:7
FNH:5
FNDA:1,(anonymous_8)
FNDA:1,(anonymous_10)
FNDA:0,(anonymous_12)
FNDA:1,(anonymous_14)
FNDA:2,(anonymous_16)
FNDA:1,(anonymous_18)
FNDA:0,(anonymous_20)
DA:1,6
DA:3,6
DA:4,6
DA:8,1
DA:13,1
DA:17,1
DA:19,1
DA:24,1
DA:28,1
DA:30,1
DA:34,0
DA:38,0
DA:40,0
DA:44,1
DA:52,1
DA:56,2
DA:58,2
DA:60,1
DA:64,1
DA:69,1
DA:73,0
DA:77,0
DA:78,0
DA:81,0
DA:86,6
LF:25
LH:18
BRDA:38,0,0,0
BRDA:52,1,0,1
BRDA:52,1,1,0
BRDA:58,2,0,1
BRDA:77,3,0,0
BRF:5
BRH:2
end_of_record
TN:
SF:src/repositories/LeaveTypeRepository.ts
FNF:0
FNH:0
DA:7,4
LF:1
LH:1
BRF:0
BRH:0
end_of_record
TN:
SF:src/repositories/LeaveTypeRepositoryImpl.ts
FN:7,(anonymous_8)
FNF:1
FNH:1
FNDA:1,(anonymous_8)
DA:1,4
DA:3,4
DA:4,4
DA:8,1
DA:10,1
DA:14,4
LF:6
LH:6
BRF:0
BRH:0
end_of_record
TN:
SF:src/repositories/UserRepository.ts
FNF:0
FNH:0
DA:10,5
LF:1
LH:1
BRF:0
BRH:0
end_of_record
TN:
SF:src/repositories/UserRepositoryImpl.ts
FN:7,(anonymous_8)
FN:19,(anonymous_10)
FN:27,(anonymous_12)
FN:37,(anonymous_14)
FNF:4
FNH:4
FNDA:2,(anonymous_8)
FNDA:2,(anonymous_10)
FNDA:11,(anonymous_12)
FNDA:1,(anonymous_14)
DA:1,5
DA:3,5
DA:4,5
DA:8,2
DA:10,2
DA:16,1
DA:20,2
DA:22,2
DA:24,1
DA:28,11
DA:32,11
DA:34,10
DA:38,1
DA:42,1
DA:43,0
DA:46,1
DA:51,5
LF:17
LH:16
BRDA:22,0,0,1
BRDA:32,1,0,1
BRDA:42,2,0,0
BRF:3
BRH:2
end_of_record
TN:
SF:src/routes/adminRouter.ts
FNF:0
FNH:0
DA:1,4
DA:2,4
DA:13,4
DA:15,4
DA:16,4
DA:17,4
DA:18,4
DA:19,4
DA:20,4
DA:21,4
DA:22,4
DA:24,4
LF:12
LH:12
BRF:0
BRH:0
end_of_record
TN:
SF:src/routes/employeeRouter.ts
FNF:0
FNH:0
DA:1,4
DA:2,4
DA:4,4
DA:6,4
DA:7,4
DA:8,4
DA:10,4
LF:7
LH:7
BRF:0
BRH:0
end_of_record
TN:
SF:src/routes/index.ts
FNF:0
FNH:0
DA:1,4
DA:2,4
DA:3,4
DA:4,4
DA:5,4
DA:7,4
DA:9,4
DA:10,4
DA:11,4
DA:13,4
LF:10
LH:10
BRF:0
BRH:0
end_of_record
TN:
SF:src/routes/loginRouter.ts
FNF:0
FNH:0
DA:1,4
DA:2,4
DA:4,4
DA:6,4
DA:8,4
LF:5
LH:5
BRF:0
BRH:0
end_of_record
TN:
SF:src/services/UserService.ts
FN:8,(anonymous_8)
FN:12,(anonymous_9)
FN:21,(anonymous_11)
FN:25,(anonymous_13)
FN:29,(anonymous_15)
FN:37,(anonymous_17)
FNF:6
FNH:6
FNDA:6,(anonymous_8)
FNDA:2,(anonymous_9)
FNDA:2,(anonymous_11)
FNDA:6,(anonymous_13)
FNDA:5,(anonymous_15)
FNDA:1,(anonymous_17)
DA:1,5
DA:2,5
DA:9,6
DA:13,2
DA:18,2
DA:22,2
DA:26,6
DA:30,5
DA:32,5
DA:34,5
DA:38,1
DA:43,5
LF:12
LH:12
BRDA:32,0,0,0
BRF:1
BRH:0
end_of_record
TN:
SF:src/utils/CustomJWT.ts
FN:12,(anonymous_1)
FN:16,(anonymous_2)
FN:24,(anonymous_3)
FN:34,(anonymous_4)
FN:38,(anonymous_5)
FN:46,(anonymous_6)
FN:54,(anonymous_7)
FNF:7
FNH:7
FNDA:8,(anonymous_1)
FNDA:57,(anonymous_2)
FNDA:44,(anonymous_3)
FNDA:8,(anonymous_4)
FNDA:49,(anonymous_5)
FNDA:4,(anonymous_6)
FNDA:45,(anonymous_7)
DA:1,4
DA:10,8
DA:13,8
DA:17,57
DA:25,44
DA:27,44
DA:28,88
DA:31,44
DA:35,8
DA:39,49
DA:40,49
DA:41,49
DA:43,49
DA:47,4
DA:48,4
DA:49,4
DA:51,4
DA:55,45
DA:56,45
DA:58,45
DA:59,0
DA:62,45
DA:64,45
DA:65,44
DA:67,1
DA:70,1
DA:71,0
DA:76,4
LF:28
LH:26
BRDA:58,0,0,0
BRDA:58,1,0,45
BRDA:58,1,1,45
BRDA:58,1,2,45
BRDA:64,2,0,44
BRDA:64,2,1,1
BRF:6
BRH:5
end_of_record
TN:
SF:src/utils/cleanData.ts
FN:61,cleanEmployeeData
FN:72,cleanLeaveTypeData
FN:81,cleanLeaveRequestData
FN:96,cleanLeaveRequestWithNameData
FN:111,cleanLeaveBalanceData
FN:120,cleanLeaveBalanceDataWithName
FNF:6
FNH:6
FNDA:5,cleanEmployeeData
FNDA:7,cleanLeaveTypeData
FNDA:4,cleanLeaveRequestData
FNDA:1,cleanLeaveRequestWithNameData
FNDA:9,cleanLeaveBalanceData
FNDA:7,cleanLeaveBalanceDataWithName
DA:62,5
DA:73,7
DA:82,4
DA:97,1
DA:112,9
DA:121,7
DA:131,6
DA:132,6
DA:133,6
DA:134,6
DA:135,6
DA:136,6
LF:12
LH:12
BRF:0
BRH:0
end_of_record
TN:
SF:src/utils/createAdminUser.ts
FN:11,(anonymous_8)
FN:11,(anonymous_9)
FNF:2
FNH:0
FNDA:0,(anonymous_8)
FNDA:0,(anonymous_9)
DA:1,0
DA:2,0
DA:3,0
DA:5,0
DA:7,0
DA:8,0
DA:11,0
DA:12,0
DA:13,0
DA:14,0
DA:17,0
DA:21,0
DA:22,0
DA:23,0
DA:26,0
DA:28,0
DA:35,0
DA:37,0
DA:41,0
LF:19
LH:0
BRDA:7,0,0,0
BRDA:7,1,0,0
BRDA:7,1,1,0
BRDA:21,2,0,0
BRF:4
BRH:0
end_of_record
TN:
SF:src/utils/daysCounter.ts
FN:1,(anonymous_0)
FN:7,(anonymous_1)
FNF:2
FNH:2
FNDA:111,(anonymous_0)
FNDA:4,(anonymous_1)
DA:1,6
DA:2,111
DA:4,111
DA:7,6
DA:8,4
DA:9,4
DA:10,4
DA:12,4
DA:13,111
DA:14,84
DA:17,111
DA:20,4
DA:23,6
LF:13
LH:13
BRDA:4,0,0,111
BRDA:4,0,1,97
BRDA:13,1,0,84
BRF:3
BRH:3
end_of_record
